<?xml version="1.0" encoding="UTF-8"?>
<!-- Generated by org.testng.reporters.JUnitReportReporter -->
<testsuite hostname="DESKTOP-VP8EOC3" failures="0" tests="1" name="DataDrivenTesting.WriteData" time="117.672" errors="0" timestamp="18 Jul 2025 07:53:39 GMT" skipped="0">
  <testcase classname="DataDrivenTesting.WriteData" name="sample" time="117.672"/>
</testsuite> <!-- DataDrivenTesting.WriteData -->
