<?xml version="1.0" encoding="UTF-8"?>
<!-- Generated by org.testng.reporters.JUnitReportReporter -->
<testsuite hostname="DESKTOP-VP8EOC3" failures="0" tests="1" name="DateHandling.Goibibo" time="28.216" errors="0" timestamp="18 Jul 2025 10:32:28 GMT" skipped="0">
  <testcase classname="DateHandling.Goibibo" name="dateHandlingd" time="28.216"/>
</testsuite> <!-- DateHandling.Goibibo -->
