<?xml version="1.0" encoding="UTF-8"?>
<!-- Generated by org.testng.reporters.JUnitReportReporter -->
<testsuite hostname="DESKTOP-VP8EOC3" failures="0" tests="1" name="DataDrivenTesting.ReadDataFromTestNgXml" time="0.008" errors="0" timestamp="09 Jul 2025 11:41:42 GMT" skipped="0">
  <testcase classname="DataDrivenTesting.ReadDataFromTestNgXml" name="sampleTest" time="0.008"/>
</testsuite> <!-- DataDrivenTesting.ReadDataFromTestNgXml -->
