<?xml version="1.0" encoding="UTF-8"?>
<!-- Generated by org.testng.reporters.JUnitReportReporter -->
<testsuite hostname="DESKTOP-VP8EOC3" failures="0" tests="1" name="VtigerOrganisation" time="15.551" errors="0" timestamp="08 Jul 2025 10:52:16 GMT" skipped="0">
  <testcase classname="VtigerOrganisation" name="method1" time="15.551"/>
</testsuite> <!-- VtigerOrganisation -->
