<?xml version="1.0" encoding="UTF-8"?>
<!-- Generated by org.testng.reporters.JUnitReportReporter -->
<testsuite hostname="DESKTOP-VP8EOC3" failures="0" tests="3" name="DataProvider.DataProviderExample" time="0.009" errors="0" timestamp="22 Jul 2025 07:36:41 GMT" skipped="0">
  <testcase classname="DataProvider.DataProviderExample" name="testMethod" time="0.000"/>
  <testcase classname="DataProvider.DataProviderExample" name="testMethod" time="0.001"/>
  <testcase classname="DataProvider.DataProviderExample" name="testMethod" time="0.008"/>
</testsuite> <!-- DataProvider.DataProviderExample -->
