<?xml version="1.0" encoding="UTF-8"?>
<!-- Generated by org.testng.reporters.JUnitReportReporter -->
<testsuite hostname="DESKTOP-VP8EOC3" failures="0" tests="1" name="DateHandling.Irctc" time="27.355" errors="0" timestamp="18 Jul 2025 11:51:15 GMT" skipped="0">
  <testcase classname="DateHandling.Irctc" name="dateHandlingd" time="27.355"/>
</testsuite> <!-- DateHandling.Irctc -->
