<?xml version="1.0" encoding="UTF-8"?>
<!-- Generated by org.testng.reporters.JUnitReportReporter -->
<testsuite hostname="DESKTOP-VP8EOC3" failures="0" tests="1" name="DateHandling.RedBus" time="3.941" errors="0" timestamp="18 Jul 2025 09:18:16 GMT" skipped="0">
  <testcase classname="DateHandling.RedBus" name="dateHandlingd" time="3.941"/>
</testsuite> <!-- DateHandling.RedBus -->
