<?xml version="1.0" encoding="UTF-8"?>
<!-- Generated by org.testng.reporters.JUnitReportReporter -->
<testsuite hostname="DESKTOP-VP8EOC3" failures="0" tests="1" name="DateHandling.MakeMyTrip" time="29.346" errors="0" timestamp="18 Jul 2025 10:53:44 GMT" skipped="0">
  <testcase classname="DateHandling.MakeMyTrip" name="sample" time="29.346"/>
</testsuite> <!-- DateHandling.MakeMyTrip -->
